Copyright 1986-2022 Xilinx, Inc. All Rights Reserved.
-------------------------------------------------------------------------------------------------------------------------------------------------------------
| Tool Version     : Vivado v.2022.2 (win64) Build 3671981 Fri Oct 14 05:00:03 MDT 2022
| Date             : Wed Oct 18 10:42:34 2023
| Host             : Dao_Duc_Phu running 64-bit major release  (build 9200)
| Command          : report_power -file bai13_wrapper_power_routed.rpt -pb bai13_wrapper_power_summary_routed.pb -rpx bai13_wrapper_power_routed.rpx
| Design           : bai13_wrapper
| Device           : xc7a35ticsg324-1L
| Design State     : routed
| Grade            : industrial
| Process          : typical
| Characterization : Production
-------------------------------------------------------------------------------------------------------------------------------------------------------------

Power Report

Table of Contents
-----------------
1. Summary
1.1 On-Chip Components
1.2 Power Supply Summary
1.3 Confidence Level
2. Settings
2.1 Environment
2.2 Clock Constraints
3. Detailed Reports
3.1 By Hierarchy

1. Summary
----------

+--------------------------+--------------+
| Total On-Chip Power (W)  | 0.888        |
| Design Power Budget (W)  | Unspecified* |
| Power Budget Margin (W)  | NA           |
| Dynamic (W)              | 0.824        |
| Device Static (W)        | 0.065        |
| Effective TJA (C/W)      | 4.8          |
| Max Ambient (C)          | 95.8         |
| Junction Temperature (C) | 29.2         |
| Confidence Level         | Low          |
| Setting File             | ---          |
| Simulation Activity File | ---          |
| Design Nets Matched      | NA           |
+--------------------------+--------------+
* Specify Design Power Budget using, set_operating_conditions -design_power_budget <value in Watts>


1.1 On-Chip Components
----------------------

+--------------------------+-----------+----------+-----------+-----------------+
| On-Chip                  | Power (W) | Used     | Available | Utilization (%) |
+--------------------------+-----------+----------+-----------+-----------------+
| Clocks                   |     0.048 |       26 |       --- |             --- |
| Slice Logic              |     0.027 |    35500 |       --- |             --- |
|   LUT as Logic           |     0.022 |    11042 |     20800 |           53.09 |
|   LUT as Distributed RAM |     0.003 |     2044 |      9600 |           21.29 |
|   Register               |     0.002 |    14668 |     41600 |           35.26 |
|   CARRY4                 |    <0.001 |      180 |      8150 |            2.21 |
|   LUT as Shift Register  |    <0.001 |      460 |      9600 |            4.79 |
|   F7/F8 Muxes            |    <0.001 |      142 |     32600 |            0.44 |
|   Others                 |    <0.001 |     1443 |       --- |             --- |
| Signals                  |     0.036 |    23396 |       --- |             --- |
| Block RAM                |     0.023 |       14 |        50 |           28.00 |
| MMCM                     |     0.194 |        2 |         5 |           40.00 |
| PLL                      |     0.116 |        1 |         5 |           20.00 |
| I/O                      |     0.264 |       68 |       210 |           32.38 |
| PHASER                   |     0.111 |       14 |       --- |             --- |
| XADC                     |     0.004 |        1 |       --- |             --- |
| Static Power             |     0.065 |          |           |                 |
| Total                    |     0.888 |          |           |                 |
+--------------------------+-----------+----------+-----------+-----------------+


1.2 Power Supply Summary
------------------------

+-----------+-------------+-----------+-------------+------------+-------------+-------------+------------+
| Source    | Voltage (V) | Total (A) | Dynamic (A) | Static (A) | Powerup (A) | Budget (A)  | Margin (A) |
+-----------+-------------+-----------+-------------+------------+-------------+-------------+------------+
| Vccint    |       0.950 |     0.183 |       0.176 |      0.007 |       NA    | Unspecified | NA         |
| Vccaux    |       1.800 |     0.284 |       0.272 |      0.011 |       NA    | Unspecified | NA         |
| Vcco33    |       3.300 |     0.002 |       0.001 |      0.001 |       NA    | Unspecified | NA         |
| Vcco25    |       2.500 |     0.000 |       0.000 |      0.000 |       NA    | Unspecified | NA         |
| Vcco18    |       1.800 |     0.000 |       0.000 |      0.000 |       NA    | Unspecified | NA         |
| Vcco15    |       1.500 |     0.000 |       0.000 |      0.000 |       NA    | Unspecified | NA         |
| Vcco135   |       1.350 |     0.118 |       0.117 |      0.001 |       NA    | Unspecified | NA         |
| Vcco12    |       1.200 |     0.000 |       0.000 |      0.000 |       NA    | Unspecified | NA         |
| Vccaux_io |       1.800 |     0.000 |       0.000 |      0.000 |       NA    | Unspecified | NA         |
| Vccbram   |       0.950 |     0.002 |       0.002 |      0.000 |       NA    | Unspecified | NA         |
| MGTAVcc   |       1.000 |     0.000 |       0.000 |      0.000 |       NA    | Unspecified | NA         |
| MGTAVtt   |       1.200 |     0.000 |       0.000 |      0.000 |       NA    | Unspecified | NA         |
| Vccadc    |       1.800 |     0.020 |       0.002 |      0.018 |       NA    | Unspecified | NA         |
+-----------+-------------+-----------+-------------+------------+-------------+-------------+------------+


1.3 Confidence Level
--------------------

+-----------------------------+------------+--------------------------------------------------------+------------------------------------------------------------------------------------------------------------+
| User Input Data             | Confidence | Details                                                | Action                                                                                                     |
+-----------------------------+------------+--------------------------------------------------------+------------------------------------------------------------------------------------------------------------+
| Design implementation state | High       | Design is routed                                       |                                                                                                            |
| Clock nodes activity        | High       | User specified more than 95% of clocks                 |                                                                                                            |
| I/O nodes activity          | Low        | More than 75% of inputs are missing user specification | Provide missing input activity with simulation results or by editing the "By Resource Type -> I/Os" view   |
| Internal nodes activity     | Medium     | User specified less than 25% of internal nodes         | Provide missing internal nodes activity with simulation results or by editing the "By Resource Type" views |
| Device models               | High       | Device models are Production                           |                                                                                                            |
|                             |            |                                                        |                                                                                                            |
| Overall confidence level    | Low        |                                                        |                                                                                                            |
+-----------------------------+------------+--------------------------------------------------------+------------------------------------------------------------------------------------------------------------+


2. Settings
-----------

2.1 Environment
---------------

+-----------------------+--------------------------+
| Ambient Temp (C)      | 25.0                     |
| ThetaJA (C/W)         | 4.8                      |
| Airflow (LFM)         | 250                      |
| Heat Sink             | medium (Medium Profile)  |
| ThetaSA (C/W)         | 4.6                      |
| Board Selection       | medium (10"x10")         |
| # of Board Layers     | 12to15 (12 to 15 Layers) |
| Board Temperature (C) | 25.0                     |
+-----------------------+--------------------------+


2.2 Clock Constraints
---------------------

+-----------------------------------------------------------------------------------------------------------------------------------------------------------+---------------------------------------------------------------------------------------------------------------------------------------------------------------------------------------------------------------------------+-----------------+
| Clock                                                                                                                                                     | Domain                                                                                                                                                                                                                    | Constraint (ns) |
+-----------------------------------------------------------------------------------------------------------------------------------------------------------+---------------------------------------------------------------------------------------------------------------------------------------------------------------------------------------------------------------------------+-----------------+
| bai13_i/mdm_1/U0/Use_E2.BSCAN_I/Use_E2.BSCANE2_I/DRCK                                                                                                     | bai13_i/mdm_1/U0/Use_E2.BSCAN_I/DRCK                                                                                                                                                                                      |            33.3 |
| bai13_i/mdm_1/U0/Use_E2.BSCAN_I/Use_E2.BSCANE2_I/UPDATE                                                                                                   | bai13_i/mdm_1/U0/Use_E2.BSCAN_I/Dbg_Update_0                                                                                                                                                                              |            33.3 |
| clk_out1_bai13_clk_wiz_0_0                                                                                                                                | bai13_i/clk_wiz_0/inst/clk_out1_bai13_clk_wiz_0_0                                                                                                                                                                         |             6.0 |
| clk_out2_bai13_clk_wiz_0_0                                                                                                                                | bai13_i/clk_wiz_0/inst/clk_out2_bai13_clk_wiz_0_0                                                                                                                                                                         |             5.0 |
| clk_pll_i                                                                                                                                                 | bai13_i/mig_7series_0/u_bai13_mig_7series_0_0_mig/u_ddr3_infrastructure/clk_pll_i                                                                                                                                         |            12.0 |
| clkfbout_bai13_clk_wiz_0_0                                                                                                                                | bai13_i/clk_wiz_0/inst/clkfbout_bai13_clk_wiz_0_0                                                                                                                                                                         |            10.0 |
| freq_refclk                                                                                                                                               | bai13_i/mig_7series_0/u_bai13_mig_7series_0_0_mig/u_ddr3_infrastructure/freq_refclk                                                                                                                                       |             1.5 |
| iserdes_clkdiv                                                                                                                                            | bai13_i/mig_7series_0/u_bai13_mig_7series_0_0_mig/u_memc_ui_top_axi/mem_intfc0/ddr_phy_top0/u_ddr_mc_phy_wrapper/u_ddr_mc_phy/ddr_phy_4lanes_0.u_ddr_phy_4lanes/ddr_byte_lane_C.ddr_byte_lane_C/iserdes_clkdiv            |            12.0 |
| iserdes_clkdiv_1                                                                                                                                          | bai13_i/mig_7series_0/u_bai13_mig_7series_0_0_mig/u_memc_ui_top_axi/mem_intfc0/ddr_phy_top0/u_ddr_mc_phy_wrapper/u_ddr_mc_phy/ddr_phy_4lanes_0.u_ddr_phy_4lanes/ddr_byte_lane_D.ddr_byte_lane_D/iserdes_clkdiv            |            12.0 |
| mem_refclk                                                                                                                                                | bai13_i/mig_7series_0/u_bai13_mig_7series_0_0_mig/u_ddr3_infrastructure/mem_refclk                                                                                                                                        |             3.0 |
| oserdes_clk                                                                                                                                               | bai13_i/mig_7series_0/u_bai13_mig_7series_0_0_mig/u_memc_ui_top_axi/mem_intfc0/ddr_phy_top0/u_ddr_mc_phy_wrapper/u_ddr_mc_phy/ddr_phy_4lanes_0.u_ddr_phy_4lanes/ddr_byte_lane_A.ddr_byte_lane_A/oserdes_clk               |             3.0 |
| oserdes_clk_1                                                                                                                                             | bai13_i/mig_7series_0/u_bai13_mig_7series_0_0_mig/u_memc_ui_top_axi/mem_intfc0/ddr_phy_top0/u_ddr_mc_phy_wrapper/u_ddr_mc_phy/ddr_phy_4lanes_0.u_ddr_phy_4lanes/ddr_byte_lane_B.ddr_byte_lane_B/oserdes_clk               |             3.0 |
| oserdes_clk_2                                                                                                                                             | bai13_i/mig_7series_0/u_bai13_mig_7series_0_0_mig/u_memc_ui_top_axi/mem_intfc0/ddr_phy_top0/u_ddr_mc_phy_wrapper/u_ddr_mc_phy/ddr_phy_4lanes_0.u_ddr_phy_4lanes/ddr_byte_lane_C.ddr_byte_lane_C/oserdes_clk               |             3.0 |
| oserdes_clk_3                                                                                                                                             | bai13_i/mig_7series_0/u_bai13_mig_7series_0_0_mig/u_memc_ui_top_axi/mem_intfc0/ddr_phy_top0/u_ddr_mc_phy_wrapper/u_ddr_mc_phy/ddr_phy_4lanes_0.u_ddr_phy_4lanes/ddr_byte_lane_D.ddr_byte_lane_D/oserdes_clk               |             3.0 |
| oserdes_clkdiv                                                                                                                                            | bai13_i/mig_7series_0/u_bai13_mig_7series_0_0_mig/u_memc_ui_top_axi/mem_intfc0/ddr_phy_top0/u_ddr_mc_phy_wrapper/u_ddr_mc_phy/ddr_phy_4lanes_0.u_ddr_phy_4lanes/ddr_byte_lane_A.ddr_byte_lane_A/oserdes_clkdiv            |            12.0 |
| oserdes_clkdiv_1                                                                                                                                          | bai13_i/mig_7series_0/u_bai13_mig_7series_0_0_mig/u_memc_ui_top_axi/mem_intfc0/ddr_phy_top0/u_ddr_mc_phy_wrapper/u_ddr_mc_phy/ddr_phy_4lanes_0.u_ddr_phy_4lanes/ddr_byte_lane_B.ddr_byte_lane_B/oserdes_clkdiv            |            12.0 |
| oserdes_clkdiv_2                                                                                                                                          | bai13_i/mig_7series_0/u_bai13_mig_7series_0_0_mig/u_memc_ui_top_axi/mem_intfc0/ddr_phy_top0/u_ddr_mc_phy_wrapper/u_ddr_mc_phy/ddr_phy_4lanes_0.u_ddr_phy_4lanes/ddr_byte_lane_C.ddr_byte_lane_C/oserdes_clkdiv            |             6.0 |
| oserdes_clkdiv_3                                                                                                                                          | bai13_i/mig_7series_0/u_bai13_mig_7series_0_0_mig/u_memc_ui_top_axi/mem_intfc0/ddr_phy_top0/u_ddr_mc_phy_wrapper/u_ddr_mc_phy/ddr_phy_4lanes_0.u_ddr_phy_4lanes/ddr_byte_lane_D.ddr_byte_lane_D/oserdes_clkdiv            |             6.0 |
| pll_clk3_out                                                                                                                                              | bai13_i/mig_7series_0/u_bai13_mig_7series_0_0_mig/u_ddr3_infrastructure/pll_clk3_out                                                                                                                                      |            12.0 |
| pll_clkfbout                                                                                                                                              | bai13_i/mig_7series_0/u_bai13_mig_7series_0_0_mig/u_ddr3_infrastructure/pll_clkfbout                                                                                                                                      |             6.0 |
| sync_pulse                                                                                                                                                | bai13_i/mig_7series_0/u_bai13_mig_7series_0_0_mig/u_ddr3_infrastructure/sync_pulse                                                                                                                                        |            48.0 |
| sys_clock                                                                                                                                                 | sys_clock                                                                                                                                                                                                                 |            10.0 |
| u_memc_ui_top_axi/mem_intfc0/ddr_phy_top0/u_ddr_mc_phy_wrapper/u_ddr_mc_phy/ddr_phy_4lanes_0.u_ddr_phy_4lanes/ddr_byte_lane_C.ddr_byte_lane_C/iserdes_clk | bai13_i/mig_7series_0/u_bai13_mig_7series_0_0_mig/u_memc_ui_top_axi/mem_intfc0/ddr_phy_top0/u_ddr_mc_phy_wrapper/u_ddr_mc_phy/ddr_phy_4lanes_0.u_ddr_phy_4lanes/ddr_byte_lane_C.ddr_byte_lane_C/phaser_in_gen.phaser_in_0 |             3.0 |
| u_memc_ui_top_axi/mem_intfc0/ddr_phy_top0/u_ddr_mc_phy_wrapper/u_ddr_mc_phy/ddr_phy_4lanes_0.u_ddr_phy_4lanes/ddr_byte_lane_D.ddr_byte_lane_D/iserdes_clk | bai13_i/mig_7series_0/u_bai13_mig_7series_0_0_mig/u_memc_ui_top_axi/mem_intfc0/ddr_phy_top0/u_ddr_mc_phy_wrapper/u_ddr_mc_phy/ddr_phy_4lanes_0.u_ddr_phy_4lanes/ddr_byte_lane_D.ddr_byte_lane_D/phaser_in_gen.phaser_in_0 |             3.0 |
+-----------------------------------------------------------------------------------------------------------------------------------------------------------+---------------------------------------------------------------------------------------------------------------------------------------------------------------------------------------------------------------------------+-----------------+


3. Detailed Reports
-------------------

3.1 By Hierarchy
----------------

+-----------------------------------+-----------+
| Name                              | Power (W) |
+-----------------------------------+-----------+
| bai13_wrapper                     |     0.824 |
|   bai13_i                         |     0.820 |
|     axi_smc                       |     0.061 |
|       inst                        |     0.061 |
|     clk_wiz_0                     |     0.107 |
|       inst                        |     0.107 |
|     microblaze_0                  |     0.034 |
|       U0                          |     0.034 |
|     microblaze_0_local_memory     |     0.003 |
|       lmb_bram                    |     0.003 |
|     mig_7series_0                 |     0.612 |
|       u_bai13_mig_7series_0_0_mig |     0.610 |
+-----------------------------------+-----------+


